CRITICAL - 2023-09-11 00:00:29 --> The framework needs the following extension(s) installed and loaded: intl.
in SYSTEMPATH\CodeIgniter.php on line 226.
 1 SYSTEMPATH\CodeIgniter.php(226): CodeIgniter\Exceptions\FrameworkException::forMissingExtension()
 2 SYSTEMPATH\CodeIgniter.php(190): CodeIgniter\CodeIgniter->resolvePlatformExtensions()
 3 ROOTPATH\spark(83): CodeIgniter\CodeIgniter->initialize()
CRITICAL - 2023-09-11 00:02:16 --> The framework needs the following extension(s) installed and loaded: intl.
in SYSTEMPATH\CodeIgniter.php on line 226.
 1 SYSTEMPATH\CodeIgniter.php(226): CodeIgniter\Exceptions\FrameworkException::forMissingExtension()
 2 SYSTEMPATH\CodeIgniter.php(190): CodeIgniter\CodeIgniter->resolvePlatformExtensions()
 3 ROOTPATH\spark(83): CodeIgniter\CodeIgniter->initialize()
CRITICAL - 2023-09-11 00:19:11 --> The framework needs the following extension(s) installed and loaded: intl.
in SYSTEMPATH\CodeIgniter.php on line 226.
 1 SYSTEMPATH\CodeIgniter.php(226): CodeIgniter\Exceptions\FrameworkException::forMissingExtension()
 2 SYSTEMPATH\CodeIgniter.php(190): CodeIgniter\CodeIgniter->resolvePlatformExtensions()
 3 ROOTPATH\spark(83): CodeIgniter\CodeIgniter->initialize()
CRITICAL - 2023-09-11 00:20:17 --> The framework needs the following extension(s) installed and loaded: intl.
in SYSTEMPATH\CodeIgniter.php on line 226.
 1 SYSTEMPATH\CodeIgniter.php(226): CodeIgniter\Exceptions\FrameworkException::forMissingExtension()
 2 SYSTEMPATH\CodeIgniter.php(190): CodeIgniter\CodeIgniter->resolvePlatformExtensions()
 3 ROOTPATH\spark(83): CodeIgniter\CodeIgniter->initialize()
CRITICAL - 2023-09-11 00:22:03 --> The framework needs the following extension(s) installed and loaded: intl.
in SYSTEMPATH\CodeIgniter.php on line 226.
 1 SYSTEMPATH\CodeIgniter.php(226): CodeIgniter\Exceptions\FrameworkException::forMissingExtension()
 2 SYSTEMPATH\CodeIgniter.php(190): CodeIgniter\CodeIgniter->resolvePlatformExtensions()
 3 ROOTPATH\spark(83): CodeIgniter\CodeIgniter->initialize()
CRITICAL - 2023-09-11 00:22:19 --> The framework needs the following extension(s) installed and loaded: intl.
in SYSTEMPATH\CodeIgniter.php on line 226.
 1 SYSTEMPATH\CodeIgniter.php(226): CodeIgniter\Exceptions\FrameworkException::forMissingExtension()
 2 SYSTEMPATH\CodeIgniter.php(190): CodeIgniter\CodeIgniter->resolvePlatformExtensions()
 3 ROOTPATH\spark(83): CodeIgniter\CodeIgniter->initialize()
CRITICAL - 2023-09-11 00:37:49 --> Cannot modify header information - headers already sent by (output started at C:\laragon\www\cursoCodeigniter\cursoCodeigniter4\app\Config\Events.php:32)
in SYSTEMPATH\Debug\Toolbar.php on line 449.
 1 [internal function]: CodeIgniter\Debug\Exceptions->errorHandler(2, 'Cannot modify header information - headers already sent by (output started at C:\\laragon\\www\\cursoCodeigniter\\cursoCodeigniter4\\app\\Config\\Events.php:32)', 'SYSTEMPATH\\Debug\\Toolbar.php', 449)
 2 SYSTEMPATH\Debug\Toolbar.php(449): header('Content-Type: application/javascript')
 3 APPPATH\Config\Events.php(46): CodeIgniter\Debug\Toolbar->respond()
 4 SYSTEMPATH\Events\Events.php(149): CodeIgniter\Events\Events::Config\{closure}()
 5 SYSTEMPATH\CodeIgniter.php(350): CodeIgniter\Events\Events::trigger('pre_system')
 6 FCPATH\index.php(58): CodeIgniter\CodeIgniter->run()
CRITICAL - 2023-09-11 00:37:50 --> Cannot modify header information - headers already sent by (output started at C:\laragon\www\cursoCodeigniter\cursoCodeigniter4\app\Config\Events.php:32)
in SYSTEMPATH\Debug\Toolbar.php on line 449.
 1 [internal function]: CodeIgniter\Debug\Exceptions->errorHandler(2, 'Cannot modify header information - headers already sent by (output started at C:\\laragon\\www\\cursoCodeigniter\\cursoCodeigniter4\\app\\Config\\Events.php:32)', 'SYSTEMPATH\\Debug\\Toolbar.php', 449)
 2 SYSTEMPATH\Debug\Toolbar.php(449): header('Content-Type: application/javascript')
 3 APPPATH\Config\Events.php(46): CodeIgniter\Debug\Toolbar->respond()
 4 SYSTEMPATH\Events\Events.php(149): CodeIgniter\Events\Events::Config\{closure}()
 5 SYSTEMPATH\CodeIgniter.php(350): CodeIgniter\Events\Events::trigger('pre_system')
 6 FCPATH\index.php(58): CodeIgniter\CodeIgniter->run()
CRITICAL - 2023-09-11 00:38:28 --> Cannot modify header information - headers already sent by (output started at C:\laragon\www\cursoCodeigniter\cursoCodeigniter4\app\Config\Events.php:32)
in SYSTEMPATH\Debug\Toolbar.php on line 449.
 1 [internal function]: CodeIgniter\Debug\Exceptions->errorHandler(2, 'Cannot modify header information - headers already sent by (output started at C:\\laragon\\www\\cursoCodeigniter\\cursoCodeigniter4\\app\\Config\\Events.php:32)', 'SYSTEMPATH\\Debug\\Toolbar.php', 449)
 2 SYSTEMPATH\Debug\Toolbar.php(449): header('Content-Type: application/javascript')
 3 APPPATH\Config\Events.php(46): CodeIgniter\Debug\Toolbar->respond()
 4 SYSTEMPATH\Events\Events.php(149): CodeIgniter\Events\Events::Config\{closure}()
 5 SYSTEMPATH\CodeIgniter.php(350): CodeIgniter\Events\Events::trigger('pre_system')
 6 FCPATH\index.php(58): CodeIgniter\CodeIgniter->run()
CRITICAL - 2023-09-11 00:38:30 --> Cannot modify header information - headers already sent by (output started at C:\laragon\www\cursoCodeigniter\cursoCodeigniter4\app\Config\Events.php:32)
in SYSTEMPATH\Debug\Toolbar.php on line 449.
 1 [internal function]: CodeIgniter\Debug\Exceptions->errorHandler(2, 'Cannot modify header information - headers already sent by (output started at C:\\laragon\\www\\cursoCodeigniter\\cursoCodeigniter4\\app\\Config\\Events.php:32)', 'SYSTEMPATH\\Debug\\Toolbar.php', 449)
 2 SYSTEMPATH\Debug\Toolbar.php(449): header('Content-Type: application/javascript')
 3 APPPATH\Config\Events.php(46): CodeIgniter\Debug\Toolbar->respond()
 4 SYSTEMPATH\Events\Events.php(149): CodeIgniter\Events\Events::Config\{closure}()
 5 SYSTEMPATH\CodeIgniter.php(350): CodeIgniter\Events\Events::trigger('pre_system')
 6 FCPATH\index.php(58): CodeIgniter\CodeIgniter->run()
CRITICAL - 2023-09-11 00:38:32 --> Cannot modify header information - headers already sent by (output started at C:\laragon\www\cursoCodeigniter\cursoCodeigniter4\app\Config\Events.php:32)
in SYSTEMPATH\Debug\Toolbar.php on line 449.
 1 [internal function]: CodeIgniter\Debug\Exceptions->errorHandler(2, 'Cannot modify header information - headers already sent by (output started at C:\\laragon\\www\\cursoCodeigniter\\cursoCodeigniter4\\app\\Config\\Events.php:32)', 'SYSTEMPATH\\Debug\\Toolbar.php', 449)
 2 SYSTEMPATH\Debug\Toolbar.php(449): header('Content-Type: application/javascript')
 3 APPPATH\Config\Events.php(46): CodeIgniter\Debug\Toolbar->respond()
 4 SYSTEMPATH\Events\Events.php(149): CodeIgniter\Events\Events::Config\{closure}()
 5 SYSTEMPATH\CodeIgniter.php(350): CodeIgniter\Events\Events::trigger('pre_system')
 6 FCPATH\index.php(58): CodeIgniter\CodeIgniter->run()
CRITICAL - 2023-09-11 00:38:48 --> Cannot modify header information - headers already sent by (output started at C:\laragon\www\cursoCodeigniter\cursoCodeigniter4\app\Config\Events.php:32)
in SYSTEMPATH\Debug\Toolbar.php on line 449.
 1 [internal function]: CodeIgniter\Debug\Exceptions->errorHandler(2, 'Cannot modify header information - headers already sent by (output started at C:\\laragon\\www\\cursoCodeigniter\\cursoCodeigniter4\\app\\Config\\Events.php:32)', 'SYSTEMPATH\\Debug\\Toolbar.php', 449)
 2 SYSTEMPATH\Debug\Toolbar.php(449): header('Content-Type: application/javascript')
 3 APPPATH\Config\Events.php(46): CodeIgniter\Debug\Toolbar->respond()
 4 SYSTEMPATH\Events\Events.php(149): CodeIgniter\Events\Events::Config\{closure}()
 5 SYSTEMPATH\CodeIgniter.php(350): CodeIgniter\Events\Events::trigger('pre_system')
 6 FCPATH\index.php(58): CodeIgniter\CodeIgniter->run()
CRITICAL - 2023-09-11 00:38:50 --> Cannot modify header information - headers already sent by (output started at C:\laragon\www\cursoCodeigniter\cursoCodeigniter4\app\Config\Events.php:32)
in SYSTEMPATH\Debug\Toolbar.php on line 449.
 1 [internal function]: CodeIgniter\Debug\Exceptions->errorHandler(2, 'Cannot modify header information - headers already sent by (output started at C:\\laragon\\www\\cursoCodeigniter\\cursoCodeigniter4\\app\\Config\\Events.php:32)', 'SYSTEMPATH\\Debug\\Toolbar.php', 449)
 2 SYSTEMPATH\Debug\Toolbar.php(449): header('Content-Type: application/javascript')
 3 APPPATH\Config\Events.php(46): CodeIgniter\Debug\Toolbar->respond()
 4 SYSTEMPATH\Events\Events.php(149): CodeIgniter\Events\Events::Config\{closure}()
 5 SYSTEMPATH\CodeIgniter.php(350): CodeIgniter\Events\Events::trigger('pre_system')
 6 FCPATH\index.php(58): CodeIgniter\CodeIgniter->run()
CRITICAL - 2023-09-11 00:38:51 --> Cannot modify header information - headers already sent by (output started at C:\laragon\www\cursoCodeigniter\cursoCodeigniter4\app\Config\Events.php:32)
in SYSTEMPATH\Debug\Toolbar.php on line 449.
 1 [internal function]: CodeIgniter\Debug\Exceptions->errorHandler(2, 'Cannot modify header information - headers already sent by (output started at C:\\laragon\\www\\cursoCodeigniter\\cursoCodeigniter4\\app\\Config\\Events.php:32)', 'SYSTEMPATH\\Debug\\Toolbar.php', 449)
 2 SYSTEMPATH\Debug\Toolbar.php(449): header('Content-Type: application/javascript')
 3 APPPATH\Config\Events.php(46): CodeIgniter\Debug\Toolbar->respond()
 4 SYSTEMPATH\Events\Events.php(149): CodeIgniter\Events\Events::Config\{closure}()
 5 SYSTEMPATH\CodeIgniter.php(350): CodeIgniter\Events\Events::trigger('pre_system')
 6 FCPATH\index.php(58): CodeIgniter\CodeIgniter->run()
CRITICAL - 2023-09-11 00:38:52 --> Cannot modify header information - headers already sent by (output started at C:\laragon\www\cursoCodeigniter\cursoCodeigniter4\app\Config\Events.php:32)
in SYSTEMPATH\Debug\Toolbar.php on line 449.
 1 [internal function]: CodeIgniter\Debug\Exceptions->errorHandler(2, 'Cannot modify header information - headers already sent by (output started at C:\\laragon\\www\\cursoCodeigniter\\cursoCodeigniter4\\app\\Config\\Events.php:32)', 'SYSTEMPATH\\Debug\\Toolbar.php', 449)
 2 SYSTEMPATH\Debug\Toolbar.php(449): header('Content-Type: application/javascript')
 3 APPPATH\Config\Events.php(46): CodeIgniter\Debug\Toolbar->respond()
 4 SYSTEMPATH\Events\Events.php(149): CodeIgniter\Events\Events::Config\{closure}()
 5 SYSTEMPATH\CodeIgniter.php(350): CodeIgniter\Events\Events::trigger('pre_system')
 6 FCPATH\index.php(58): CodeIgniter\CodeIgniter->run()
CRITICAL - 2023-09-11 00:38:54 --> Cannot modify header information - headers already sent by (output started at C:\laragon\www\cursoCodeigniter\cursoCodeigniter4\app\Config\Events.php:32)
in SYSTEMPATH\Debug\Toolbar.php on line 449.
 1 [internal function]: CodeIgniter\Debug\Exceptions->errorHandler(2, 'Cannot modify header information - headers already sent by (output started at C:\\laragon\\www\\cursoCodeigniter\\cursoCodeigniter4\\app\\Config\\Events.php:32)', 'SYSTEMPATH\\Debug\\Toolbar.php', 449)
 2 SYSTEMPATH\Debug\Toolbar.php(449): header('Content-Type: application/javascript')
 3 APPPATH\Config\Events.php(46): CodeIgniter\Debug\Toolbar->respond()
 4 SYSTEMPATH\Events\Events.php(149): CodeIgniter\Events\Events::Config\{closure}()
 5 SYSTEMPATH\CodeIgniter.php(350): CodeIgniter\Events\Events::trigger('pre_system')
 6 FCPATH\index.php(58): CodeIgniter\CodeIgniter->run()
CRITICAL - 2023-09-11 00:38:55 --> Cannot modify header information - headers already sent by (output started at C:\laragon\www\cursoCodeigniter\cursoCodeigniter4\app\Config\Events.php:32)
in SYSTEMPATH\Debug\Toolbar.php on line 449.
 1 [internal function]: CodeIgniter\Debug\Exceptions->errorHandler(2, 'Cannot modify header information - headers already sent by (output started at C:\\laragon\\www\\cursoCodeigniter\\cursoCodeigniter4\\app\\Config\\Events.php:32)', 'SYSTEMPATH\\Debug\\Toolbar.php', 449)
 2 SYSTEMPATH\Debug\Toolbar.php(449): header('Content-Type: application/javascript')
 3 APPPATH\Config\Events.php(46): CodeIgniter\Debug\Toolbar->respond()
 4 SYSTEMPATH\Events\Events.php(149): CodeIgniter\Events\Events::Config\{closure}()
 5 SYSTEMPATH\CodeIgniter.php(350): CodeIgniter\Events\Events::trigger('pre_system')
 6 FCPATH\index.php(58): CodeIgniter\CodeIgniter->run()
CRITICAL - 2023-09-11 00:38:56 --> Cannot modify header information - headers already sent by (output started at C:\laragon\www\cursoCodeigniter\cursoCodeigniter4\app\Config\Events.php:32)
in SYSTEMPATH\Debug\Toolbar.php on line 449.
 1 [internal function]: CodeIgniter\Debug\Exceptions->errorHandler(2, 'Cannot modify header information - headers already sent by (output started at C:\\laragon\\www\\cursoCodeigniter\\cursoCodeigniter4\\app\\Config\\Events.php:32)', 'SYSTEMPATH\\Debug\\Toolbar.php', 449)
 2 SYSTEMPATH\Debug\Toolbar.php(449): header('Content-Type: application/javascript')
 3 APPPATH\Config\Events.php(46): CodeIgniter\Debug\Toolbar->respond()
 4 SYSTEMPATH\Events\Events.php(149): CodeIgniter\Events\Events::Config\{closure}()
 5 SYSTEMPATH\CodeIgniter.php(350): CodeIgniter\Events\Events::trigger('pre_system')
 6 FCPATH\index.php(58): CodeIgniter\CodeIgniter->run()
CRITICAL - 2023-09-11 00:38:57 --> Cannot modify header information - headers already sent by (output started at C:\laragon\www\cursoCodeigniter\cursoCodeigniter4\app\Config\Events.php:32)
in SYSTEMPATH\Debug\Toolbar.php on line 449.
 1 [internal function]: CodeIgniter\Debug\Exceptions->errorHandler(2, 'Cannot modify header information - headers already sent by (output started at C:\\laragon\\www\\cursoCodeigniter\\cursoCodeigniter4\\app\\Config\\Events.php:32)', 'SYSTEMPATH\\Debug\\Toolbar.php', 449)
 2 SYSTEMPATH\Debug\Toolbar.php(449): header('Content-Type: application/javascript')
 3 APPPATH\Config\Events.php(46): CodeIgniter\Debug\Toolbar->respond()
 4 SYSTEMPATH\Events\Events.php(149): CodeIgniter\Events\Events::Config\{closure}()
 5 SYSTEMPATH\CodeIgniter.php(350): CodeIgniter\Events\Events::trigger('pre_system')
 6 FCPATH\index.php(58): CodeIgniter\CodeIgniter->run()
CRITICAL - 2023-09-11 00:38:59 --> Cannot modify header information - headers already sent by (output started at C:\laragon\www\cursoCodeigniter\cursoCodeigniter4\app\Config\Events.php:32)
in SYSTEMPATH\Debug\Toolbar.php on line 449.
 1 [internal function]: CodeIgniter\Debug\Exceptions->errorHandler(2, 'Cannot modify header information - headers already sent by (output started at C:\\laragon\\www\\cursoCodeigniter\\cursoCodeigniter4\\app\\Config\\Events.php:32)', 'SYSTEMPATH\\Debug\\Toolbar.php', 449)
 2 SYSTEMPATH\Debug\Toolbar.php(449): header('Content-Type: application/javascript')
 3 APPPATH\Config\Events.php(46): CodeIgniter\Debug\Toolbar->respond()
 4 SYSTEMPATH\Events\Events.php(149): CodeIgniter\Events\Events::Config\{closure}()
 5 SYSTEMPATH\CodeIgniter.php(350): CodeIgniter\Events\Events::trigger('pre_system')
 6 FCPATH\index.php(58): CodeIgniter\CodeIgniter->run()
CRITICAL - 2023-09-11 00:39:01 --> Cannot modify header information - headers already sent by (output started at C:\laragon\www\cursoCodeigniter\cursoCodeigniter4\app\Config\Events.php:32)
in SYSTEMPATH\Debug\Toolbar.php on line 449.
 1 [internal function]: CodeIgniter\Debug\Exceptions->errorHandler(2, 'Cannot modify header information - headers already sent by (output started at C:\\laragon\\www\\cursoCodeigniter\\cursoCodeigniter4\\app\\Config\\Events.php:32)', 'SYSTEMPATH\\Debug\\Toolbar.php', 449)
 2 SYSTEMPATH\Debug\Toolbar.php(449): header('Content-Type: application/javascript')
 3 APPPATH\Config\Events.php(46): CodeIgniter\Debug\Toolbar->respond()
 4 SYSTEMPATH\Events\Events.php(149): CodeIgniter\Events\Events::Config\{closure}()
 5 SYSTEMPATH\CodeIgniter.php(350): CodeIgniter\Events\Events::trigger('pre_system')
 6 FCPATH\index.php(58): CodeIgniter\CodeIgniter->run()
CRITICAL - 2023-09-11 00:43:58 --> Cannot modify header information - headers already sent by (output started at C:\laragon\www\cursoCodeigniter\cursoCodeigniter4\app\Config\Events.php:32)
in SYSTEMPATH\Debug\Toolbar.php on line 449.
 1 [internal function]: CodeIgniter\Debug\Exceptions->errorHandler(2, 'Cannot modify header information - headers already sent by (output started at C:\\laragon\\www\\cursoCodeigniter\\cursoCodeigniter4\\app\\Config\\Events.php:32)', 'SYSTEMPATH\\Debug\\Toolbar.php', 449)
 2 SYSTEMPATH\Debug\Toolbar.php(449): header('Content-Type: application/javascript')
 3 APPPATH\Config\Events.php(46): CodeIgniter\Debug\Toolbar->respond()
 4 SYSTEMPATH\Events\Events.php(149): CodeIgniter\Events\Events::Config\{closure}()
 5 SYSTEMPATH\CodeIgniter.php(350): CodeIgniter\Events\Events::trigger('pre_system')
 6 FCPATH\index.php(61): CodeIgniter\CodeIgniter->run()
CRITICAL - 2023-09-11 00:43:59 --> Cannot modify header information - headers already sent by (output started at C:\laragon\www\cursoCodeigniter\cursoCodeigniter4\app\Config\Events.php:32)
in SYSTEMPATH\Debug\Toolbar.php on line 449.
 1 [internal function]: CodeIgniter\Debug\Exceptions->errorHandler(2, 'Cannot modify header information - headers already sent by (output started at C:\\laragon\\www\\cursoCodeigniter\\cursoCodeigniter4\\app\\Config\\Events.php:32)', 'SYSTEMPATH\\Debug\\Toolbar.php', 449)
 2 SYSTEMPATH\Debug\Toolbar.php(449): header('Content-Type: application/javascript')
 3 APPPATH\Config\Events.php(46): CodeIgniter\Debug\Toolbar->respond()
 4 SYSTEMPATH\Events\Events.php(149): CodeIgniter\Events\Events::Config\{closure}()
 5 SYSTEMPATH\CodeIgniter.php(350): CodeIgniter\Events\Events::trigger('pre_system')
 6 FCPATH\index.php(61): CodeIgniter\CodeIgniter->run()
CRITICAL - 2023-09-11 00:44:01 --> Cannot modify header information - headers already sent by (output started at C:\laragon\www\cursoCodeigniter\cursoCodeigniter4\app\Config\Events.php:32)
in SYSTEMPATH\Debug\Toolbar.php on line 449.
 1 [internal function]: CodeIgniter\Debug\Exceptions->errorHandler(2, 'Cannot modify header information - headers already sent by (output started at C:\\laragon\\www\\cursoCodeigniter\\cursoCodeigniter4\\app\\Config\\Events.php:32)', 'SYSTEMPATH\\Debug\\Toolbar.php', 449)
 2 SYSTEMPATH\Debug\Toolbar.php(449): header('Content-Type: application/javascript')
 3 APPPATH\Config\Events.php(46): CodeIgniter\Debug\Toolbar->respond()
 4 SYSTEMPATH\Events\Events.php(149): CodeIgniter\Events\Events::Config\{closure}()
 5 SYSTEMPATH\CodeIgniter.php(350): CodeIgniter\Events\Events::trigger('pre_system')
 6 FCPATH\index.php(61): CodeIgniter\CodeIgniter->run()
CRITICAL - 2023-09-11 00:44:13 --> Cannot modify header information - headers already sent by (output started at C:\laragon\www\cursoCodeigniter\cursoCodeigniter4\app\Config\Events.php:32)
in SYSTEMPATH\Debug\Toolbar.php on line 449.
 1 [internal function]: CodeIgniter\Debug\Exceptions->errorHandler(2, 'Cannot modify header information - headers already sent by (output started at C:\\laragon\\www\\cursoCodeigniter\\cursoCodeigniter4\\app\\Config\\Events.php:32)', 'SYSTEMPATH\\Debug\\Toolbar.php', 449)
 2 SYSTEMPATH\Debug\Toolbar.php(449): header('Content-Type: application/javascript')
 3 APPPATH\Config\Events.php(46): CodeIgniter\Debug\Toolbar->respond()
 4 SYSTEMPATH\Events\Events.php(149): CodeIgniter\Events\Events::Config\{closure}()
 5 SYSTEMPATH\CodeIgniter.php(350): CodeIgniter\Events\Events::trigger('pre_system')
 6 FCPATH\index.php(61): CodeIgniter\CodeIgniter->run()
CRITICAL - 2023-09-11 00:44:15 --> Cannot modify header information - headers already sent by (output started at C:\laragon\www\cursoCodeigniter\cursoCodeigniter4\app\Config\Events.php:32)
in SYSTEMPATH\Debug\Toolbar.php on line 449.
 1 [internal function]: CodeIgniter\Debug\Exceptions->errorHandler(2, 'Cannot modify header information - headers already sent by (output started at C:\\laragon\\www\\cursoCodeigniter\\cursoCodeigniter4\\app\\Config\\Events.php:32)', 'SYSTEMPATH\\Debug\\Toolbar.php', 449)
 2 SYSTEMPATH\Debug\Toolbar.php(449): header('Content-Type: application/javascript')
 3 APPPATH\Config\Events.php(46): CodeIgniter\Debug\Toolbar->respond()
 4 SYSTEMPATH\Events\Events.php(149): CodeIgniter\Events\Events::Config\{closure}()
 5 SYSTEMPATH\CodeIgniter.php(350): CodeIgniter\Events\Events::trigger('pre_system')
 6 FCPATH\index.php(61): CodeIgniter\CodeIgniter->run()
CRITICAL - 2023-09-11 00:44:16 --> Cannot modify header information - headers already sent by (output started at C:\laragon\www\cursoCodeigniter\cursoCodeigniter4\app\Config\Events.php:32)
in SYSTEMPATH\Debug\Toolbar.php on line 449.
 1 [internal function]: CodeIgniter\Debug\Exceptions->errorHandler(2, 'Cannot modify header information - headers already sent by (output started at C:\\laragon\\www\\cursoCodeigniter\\cursoCodeigniter4\\app\\Config\\Events.php:32)', 'SYSTEMPATH\\Debug\\Toolbar.php', 449)
 2 SYSTEMPATH\Debug\Toolbar.php(449): header('Content-Type: application/javascript')
 3 APPPATH\Config\Events.php(46): CodeIgniter\Debug\Toolbar->respond()
 4 SYSTEMPATH\Events\Events.php(149): CodeIgniter\Events\Events::Config\{closure}()
 5 SYSTEMPATH\CodeIgniter.php(350): CodeIgniter\Events\Events::trigger('pre_system')
 6 FCPATH\index.php(61): CodeIgniter\CodeIgniter->run()
CRITICAL - 2023-09-11 00:44:17 --> Cannot modify header information - headers already sent by (output started at C:\laragon\www\cursoCodeigniter\cursoCodeigniter4\app\Config\Events.php:32)
in SYSTEMPATH\Debug\Toolbar.php on line 449.
 1 [internal function]: CodeIgniter\Debug\Exceptions->errorHandler(2, 'Cannot modify header information - headers already sent by (output started at C:\\laragon\\www\\cursoCodeigniter\\cursoCodeigniter4\\app\\Config\\Events.php:32)', 'SYSTEMPATH\\Debug\\Toolbar.php', 449)
 2 SYSTEMPATH\Debug\Toolbar.php(449): header('Content-Type: application/javascript')
 3 APPPATH\Config\Events.php(46): CodeIgniter\Debug\Toolbar->respond()
 4 SYSTEMPATH\Events\Events.php(149): CodeIgniter\Events\Events::Config\{closure}()
 5 SYSTEMPATH\CodeIgniter.php(350): CodeIgniter\Events\Events::trigger('pre_system')
 6 FCPATH\index.php(61): CodeIgniter\CodeIgniter->run()
CRITICAL - 2023-09-11 00:44:18 --> Cannot modify header information - headers already sent by (output started at C:\laragon\www\cursoCodeigniter\cursoCodeigniter4\app\Config\Events.php:32)
in SYSTEMPATH\Debug\Toolbar.php on line 449.
 1 [internal function]: CodeIgniter\Debug\Exceptions->errorHandler(2, 'Cannot modify header information - headers already sent by (output started at C:\\laragon\\www\\cursoCodeigniter\\cursoCodeigniter4\\app\\Config\\Events.php:32)', 'SYSTEMPATH\\Debug\\Toolbar.php', 449)
 2 SYSTEMPATH\Debug\Toolbar.php(449): header('Content-Type: application/javascript')
 3 APPPATH\Config\Events.php(46): CodeIgniter\Debug\Toolbar->respond()
 4 SYSTEMPATH\Events\Events.php(149): CodeIgniter\Events\Events::Config\{closure}()
 5 SYSTEMPATH\CodeIgniter.php(350): CodeIgniter\Events\Events::trigger('pre_system')
 6 FCPATH\index.php(61): CodeIgniter\CodeIgniter->run()
CRITICAL - 2023-09-11 00:44:18 --> Cannot modify header information - headers already sent by (output started at C:\laragon\www\cursoCodeigniter\cursoCodeigniter4\app\Config\Events.php:32)
in SYSTEMPATH\Debug\Toolbar.php on line 449.
 1 [internal function]: CodeIgniter\Debug\Exceptions->errorHandler(2, 'Cannot modify header information - headers already sent by (output started at C:\\laragon\\www\\cursoCodeigniter\\cursoCodeigniter4\\app\\Config\\Events.php:32)', 'SYSTEMPATH\\Debug\\Toolbar.php', 449)
 2 SYSTEMPATH\Debug\Toolbar.php(449): header('Content-Type: application/javascript')
 3 APPPATH\Config\Events.php(46): CodeIgniter\Debug\Toolbar->respond()
 4 SYSTEMPATH\Events\Events.php(149): CodeIgniter\Events\Events::Config\{closure}()
 5 SYSTEMPATH\CodeIgniter.php(350): CodeIgniter\Events\Events::trigger('pre_system')
 6 FCPATH\index.php(61): CodeIgniter\CodeIgniter->run()
CRITICAL - 2023-09-11 00:44:19 --> Cannot modify header information - headers already sent by (output started at C:\laragon\www\cursoCodeigniter\cursoCodeigniter4\app\Config\Events.php:32)
in SYSTEMPATH\Debug\Toolbar.php on line 449.
 1 [internal function]: CodeIgniter\Debug\Exceptions->errorHandler(2, 'Cannot modify header information - headers already sent by (output started at C:\\laragon\\www\\cursoCodeigniter\\cursoCodeigniter4\\app\\Config\\Events.php:32)', 'SYSTEMPATH\\Debug\\Toolbar.php', 449)
 2 SYSTEMPATH\Debug\Toolbar.php(449): header('Content-Type: application/javascript')
 3 APPPATH\Config\Events.php(46): CodeIgniter\Debug\Toolbar->respond()
 4 SYSTEMPATH\Events\Events.php(149): CodeIgniter\Events\Events::Config\{closure}()
 5 SYSTEMPATH\CodeIgniter.php(350): CodeIgniter\Events\Events::trigger('pre_system')
 6 FCPATH\index.php(61): CodeIgniter\CodeIgniter->run()
